<?xml version="1.0" encoding="UTF-8"?>
<!-- Generated by org.testng.reporters.JUnitXMLReporter -->
<testsuite ignored="0" hostname="PRASATHT-LEN" failures="1" tests="1" name="OrangeHRM Login Test" time="46.4" errors="0" timestamp="2026-05-08T22:51:29 IST">
  <testcase classname="tests.LoginTest" name="loginTest" time="6.193">
    <failure type="java.lang.AssertionError" message="expected [true] but found [false]">
      <![CDATA[java.lang.AssertionError: expected [true] but found [false]
at tests.LoginTest.loginTest(LoginTest.java:32)
at java.base/java.util.ArrayList.forEach(ArrayList.java:1511)
... Removed 31 stack frames]]>
    </failure>
  </testcase> <!-- loginTest -->
</testsuite> <!-- OrangeHRM Login Test -->
