<?xml version="1.0" encoding="UTF-8"?>
<testng-results ignored="0" total="7" passed="7" failed="0" skipped="0">
  <reporter-output>
  </reporter-output>
  <suite started-at="2026-05-15T22:27:03 IST" name="Default suite" finished-at="2026-05-15T22:28:08 IST" duration-ms="64382">
    <groups>
    </groups>
    <test started-at="2026-05-15T22:27:03 IST" name="Default test" finished-at="2026-05-15T22:28:08 IST" duration-ms="64382">
      <class name="com.opencart.tests.HomePageTest">
        <test-method is-config="true" signature="homePageSetUp()[pri:0, instance:com.opencart.tests.HomePageTest@5c5eefef]" started-at="2026-05-15T22:27:04 IST" name="homePageSetUp" finished-at="2026-05-15T22:27:40 IST" duration-ms="36470" status="PASS">
          <reporter-output>
          </reporter-output>
        </test-method> <!-- homePageSetUp -->
        <test-method signature="SearchTest(java.lang.String)[pri:0, instance:com.opencart.tests.HomePageTest@5c5eefef]" started-at="2026-05-15T22:27:40 IST" name="SearchTest" data-provider="getProductData" finished-at="2026-05-15T22:27:41 IST" duration-ms="573" status="PASS">
          <params>
            <param index="0">
              <value>
                <![CDATA[MacBook]]>
              </value>
            </param>
          </params>
          <reporter-output>
          </reporter-output>
        </test-method> <!-- SearchTest -->
        <test-method is-config="true" signature="tearDown()[pri:0, instance:com.opencart.tests.HomePageTest@5c5eefef]" started-at="2026-05-15T22:27:41 IST" name="tearDown" finished-at="2026-05-15T22:27:41 IST" duration-ms="202" status="PASS">
          <reporter-output>
          </reporter-output>
        </test-method> <!-- tearDown -->
        <test-method is-config="true" signature="homePageSetUp()[pri:0, instance:com.opencart.tests.HomePageTest@5c5eefef]" started-at="2026-05-15T22:27:41 IST" name="homePageSetUp" finished-at="2026-05-15T22:27:48 IST" duration-ms="7054" status="PASS">
          <reporter-output>
          </reporter-output>
        </test-method> <!-- homePageSetUp -->
        <test-method signature="SearchTest(java.lang.String)[pri:0, instance:com.opencart.tests.HomePageTest@5c5eefef]" started-at="2026-05-15T22:27:48 IST" name="SearchTest" data-provider="getProductData" finished-at="2026-05-15T22:27:48 IST" duration-ms="586" status="PASS">
          <params>
            <param index="0">
              <value>
                <![CDATA[iMac]]>
              </value>
            </param>
          </params>
          <reporter-output>
          </reporter-output>
        </test-method> <!-- SearchTest -->
        <test-method is-config="true" signature="tearDown()[pri:0, instance:com.opencart.tests.HomePageTest@5c5eefef]" started-at="2026-05-15T22:27:48 IST" name="tearDown" finished-at="2026-05-15T22:27:49 IST" duration-ms="232" status="PASS">
          <reporter-output>
          </reporter-output>
        </test-method> <!-- tearDown -->
        <test-method is-config="true" signature="homePageSetUp()[pri:0, instance:com.opencart.tests.HomePageTest@5c5eefef]" started-at="2026-05-15T22:27:49 IST" name="homePageSetUp" finished-at="2026-05-15T22:27:53 IST" duration-ms="4092" status="PASS">
          <reporter-output>
          </reporter-output>
        </test-method> <!-- homePageSetUp -->
        <test-method signature="SearchTest(java.lang.String)[pri:0, instance:com.opencart.tests.HomePageTest@5c5eefef]" started-at="2026-05-15T22:27:53 IST" name="SearchTest" data-provider="getProductData" finished-at="2026-05-15T22:27:53 IST" duration-ms="356" status="PASS">
          <params>
            <param index="0">
              <value>
                <![CDATA[Samsung]]>
              </value>
            </param>
          </params>
          <reporter-output>
          </reporter-output>
        </test-method> <!-- SearchTest -->
        <test-method is-config="true" signature="tearDown()[pri:0, instance:com.opencart.tests.HomePageTest@5c5eefef]" started-at="2026-05-15T22:27:53 IST" name="tearDown" finished-at="2026-05-15T22:27:53 IST" duration-ms="148" status="PASS">
          <reporter-output>
          </reporter-output>
        </test-method> <!-- tearDown -->
        <test-method is-config="true" signature="homePageSetUp()[pri:0, instance:com.opencart.tests.HomePageTest@5c5eefef]" started-at="2026-05-15T22:27:53 IST" name="homePageSetUp" finished-at="2026-05-15T22:27:57 IST" duration-ms="3289" status="PASS">
          <reporter-output>
          </reporter-output>
        </test-method> <!-- homePageSetUp -->
        <test-method signature="SearchTest(java.lang.String)[pri:0, instance:com.opencart.tests.HomePageTest@5c5eefef]" started-at="2026-05-15T22:27:57 IST" name="SearchTest" data-provider="getProductData" finished-at="2026-05-15T22:27:57 IST" duration-ms="560" status="PASS">
          <params>
            <param index="0">
              <value>
                <![CDATA[Apple]]>
              </value>
            </param>
          </params>
          <reporter-output>
          </reporter-output>
        </test-method> <!-- SearchTest -->
        <test-method is-config="true" signature="tearDown()[pri:0, instance:com.opencart.tests.HomePageTest@5c5eefef]" started-at="2026-05-15T22:27:57 IST" name="tearDown" finished-at="2026-05-15T22:27:57 IST" duration-ms="150" status="PASS">
          <reporter-output>
          </reporter-output>
        </test-method> <!-- tearDown -->
        <test-method is-config="true" signature="homePageSetUp()[pri:0, instance:com.opencart.tests.HomePageTest@5c5eefef]" started-at="2026-05-15T22:27:57 IST" name="homePageSetUp" finished-at="2026-05-15T22:28:00 IST" duration-ms="3204" status="PASS">
          <reporter-output>
          </reporter-output>
        </test-method> <!-- homePageSetUp -->
        <test-method signature="SearchTest(java.lang.String)[pri:0, instance:com.opencart.tests.HomePageTest@5c5eefef]" started-at="2026-05-15T22:28:00 IST" name="SearchTest" data-provider="getProductData" finished-at="2026-05-15T22:28:01 IST" duration-ms="367" status="PASS">
          <params>
            <param index="0">
              <value>
                <![CDATA[HP]]>
              </value>
            </param>
          </params>
          <reporter-output>
          </reporter-output>
        </test-method> <!-- SearchTest -->
        <test-method is-config="true" signature="tearDown()[pri:0, instance:com.opencart.tests.HomePageTest@5c5eefef]" started-at="2026-05-15T22:28:01 IST" name="tearDown" finished-at="2026-05-15T22:28:01 IST" duration-ms="157" status="PASS">
          <reporter-output>
          </reporter-output>
        </test-method> <!-- tearDown -->
        <test-method is-config="true" signature="homePageSetUp()[pri:0, instance:com.opencart.tests.HomePageTest@5c5eefef]" started-at="2026-05-15T22:28:01 IST" name="homePageSetUp" finished-at="2026-05-15T22:28:04 IST" duration-ms="2744" status="PASS">
          <reporter-output>
          </reporter-output>
        </test-method> <!-- homePageSetUp -->
        <test-method signature="homePageTitleTest()[pri:0, instance:com.opencart.tests.HomePageTest@5c5eefef]" started-at="2026-05-15T22:28:04 IST" name="homePageTitleTest" finished-at="2026-05-15T22:28:04 IST" duration-ms="11" status="PASS">
          <reporter-output>
          </reporter-output>
        </test-method> <!-- homePageTitleTest -->
        <test-method is-config="true" signature="tearDown()[pri:0, instance:com.opencart.tests.HomePageTest@5c5eefef]" started-at="2026-05-15T22:28:04 IST" name="tearDown" finished-at="2026-05-15T22:28:04 IST" duration-ms="273" status="PASS">
          <reporter-output>
          </reporter-output>
        </test-method> <!-- tearDown -->
        <test-method is-config="true" signature="homePageSetUp()[pri:0, instance:com.opencart.tests.HomePageTest@5c5eefef]" started-at="2026-05-15T22:28:04 IST" name="homePageSetUp" finished-at="2026-05-15T22:28:08 IST" duration-ms="3615" status="PASS">
          <reporter-output>
          </reporter-output>
        </test-method> <!-- homePageSetUp -->
        <test-method signature="homePageUrl()[pri:0, instance:com.opencart.tests.HomePageTest@5c5eefef]" started-at="2026-05-15T22:28:08 IST" name="homePageUrl" finished-at="2026-05-15T22:28:08 IST" duration-ms="1" status="PASS">
          <reporter-output>
          </reporter-output>
        </test-method> <!-- homePageUrl -->
        <test-method is-config="true" signature="tearDown()[pri:0, instance:com.opencart.tests.HomePageTest@5c5eefef]" started-at="2026-05-15T22:28:08 IST" name="tearDown" finished-at="2026-05-15T22:28:08 IST" duration-ms="249" status="PASS">
          <reporter-output>
          </reporter-output>
        </test-method> <!-- tearDown -->
      </class> <!-- com.opencart.tests.HomePageTest -->
    </test> <!-- Default test -->
  </suite> <!-- Default suite -->
</testng-results>
