<?xml version="1.0" encoding="UTF-8"?>
<testng-results ignored="0" total="1" passed="1" failed="0" skipped="0">
  <reporter-output>
  </reporter-output>
  <suite started-at="2026-04-27T11:24:34 IST" name="Default suite" finished-at="2026-04-27T11:25:11 IST" duration-ms="37609">
    <groups>
    </groups>
    <test started-at="2026-04-27T11:24:34 IST" name="Default test" finished-at="2026-04-27T11:25:11 IST" duration-ms="37609">
      <class name="pageObjectModelTest.TestUsingPOM">
        <test-method signature="login()[pri:0, instance:pageObjectModelTest.TestUsingPOM@7e07db1f]" started-at="2026-04-27T11:24:34 IST" name="login" finished-at="2026-04-27T11:25:11 IST" duration-ms="37583" status="PASS">
          <reporter-output>
          </reporter-output>
        </test-method> <!-- login -->
      </class> <!-- pageObjectModelTest.TestUsingPOM -->
    </test> <!-- Default test -->
  </suite> <!-- Default suite -->
</testng-results>
