<?xml version="1.0" encoding="UTF-8"?>
<!-- Generated by org.testng.reporters.JUnitReportReporter -->
<testsuite hostname="PRASATHT-LEN" failures="0" tests="4" name="gettingStarted.Actian.DataProvider" time="46.691" errors="0" timestamp="2026-05-27T13:44:34 IST" skipped="0">
  <testcase classname="gettingStarted.Actian.DataProvider" name="testing" time="7.650"/>
  <testcase classname="gettingStarted.Actian.DataProvider" name="testing" time="7.730"/>
  <testcase classname="gettingStarted.Actian.DataProvider" name="testing" time="23.655"/>
  <testcase classname="gettingStarted.Actian.DataProvider" name="testing" time="7.656"/>
</testsuite> <!-- gettingStarted.Actian.DataProvider -->
