<?xml version="1.0" encoding="UTF-8"?>
<!-- Generated by org.testng.reporters.JUnitReportReporter -->
<testsuite hostname="PRASATHT-LEN" failures="0" tests="3" name="gettingStarted.CrossBrowserTest" time="115.938" errors="0" timestamp="2026-04-19T19:38:32 IST" skipped="0">
  <testcase classname="gettingStarted.CrossBrowserTest" name="loginTest" time="36.929"/>
  <testcase classname="gettingStarted.CrossBrowserTest" name="loginTest" time="40.286"/>
  <testcase classname="gettingStarted.CrossBrowserTest" name="loginTest" time="38.723"/>
</testsuite> <!-- gettingStarted.CrossBrowserTest -->
