<?xml version="1.0" encoding="UTF-8"?>
<!-- Generated by org.testng.reporters.JUnitXMLReporter -->
<testsuite ignored="0" hostname="PRASATHT-LEN" failures="0" tests="7" name="Default test" time="64.382" errors="0" timestamp="2026-05-15T22:28:08 IST">
  <testcase classname="com.opencart.tests.HomePageTest" name="SearchTest" time="0.573"/>
  <testcase classname="com.opencart.tests.HomePageTest" name="SearchTest" time="0.586"/>
  <testcase classname="com.opencart.tests.HomePageTest" name="SearchTest" time="0.356"/>
  <testcase classname="com.opencart.tests.HomePageTest" name="SearchTest" time="0.56"/>
  <testcase classname="com.opencart.tests.HomePageTest" name="SearchTest" time="0.367"/>
  <testcase classname="com.opencart.tests.HomePageTest" name="homePageTitleTest" time="0.011"/>
  <testcase classname="com.opencart.tests.HomePageTest" name="homePageUrl" time="0.001"/>
</testsuite> <!-- Default test -->
