<?xml version="1.0" encoding="UTF-8"?>
<!-- Generated by org.testng.reporters.JUnitXMLReporter -->
<testsuite ignored="0" hostname="PRASATHT-LEN" failures="0" tests="3" name="Open cart Login Page Test" time="40.7" errors="0" timestamp="2026-05-15T10:13:13 IST">
  <testcase classname="com.opencart.tests.LoginPageTest" name="loginPageNavigationTest" time="0.005"/>
  <testcase classname="com.opencart.tests.LoginPageTest" name="forgotPasswordLinkExistTest" time="0.013"/>
  <testcase classname="com.opencart.tests.LoginPageTest" name="doLoginTest" time="0.479"/>
</testsuite> <!-- Open cart Login Page Test -->
