<?xml version="1.0" encoding="UTF-8"?>
<!-- Generated by org.testng.reporters.JUnitXMLReporter -->
<testsuite ignored="0" hostname="PRASATHT-LEN" failures="0" tests="7" name="Open Cart HomePage Test" time="52.585" errors="0" timestamp="2026-05-15T10:13:25 IST">
  <testcase classname="com.opencart.tests.HomePageTest" name="SearchTest" time="0.404"/>
  <testcase classname="com.opencart.tests.HomePageTest" name="SearchTest" time="0.317"/>
  <testcase classname="com.opencart.tests.HomePageTest" name="SearchTest" time="0.349"/>
  <testcase classname="com.opencart.tests.HomePageTest" name="SearchTest" time="0.366"/>
  <testcase classname="com.opencart.tests.HomePageTest" name="SearchTest" time="0.304"/>
  <testcase classname="com.opencart.tests.HomePageTest" name="homePageTitleTest" time="0.006"/>
  <testcase classname="com.opencart.tests.HomePageTest" name="homePageUrl" time="0.0"/>
</testsuite> <!-- Open Cart HomePage Test -->
