<?xml version="1.0" encoding="UTF-8"?>
<!-- Generated by org.testng.reporters.JUnitXMLReporter -->
<testsuite ignored="0" hostname="PRASATHT-LEN" failures="0" tests="7" name="Test" time="46.761" errors="0" timestamp="2026-05-14T21:37:51 IST">
  <testcase classname="com.opencart.tests.HomePageTest" name="SearchTest" time="0.299"/>
  <testcase classname="com.opencart.tests.HomePageTest" name="SearchTest" time="0.306"/>
  <testcase classname="com.opencart.tests.HomePageTest" name="SearchTest" time="0.282"/>
  <testcase classname="com.opencart.tests.HomePageTest" name="SearchTest" time="0.292"/>
  <testcase classname="com.opencart.tests.HomePageTest" name="SearchTest" time="0.302"/>
  <testcase classname="com.opencart.tests.HomePageTest" name="homePageTitleTest" time="0.007"/>
  <testcase classname="com.opencart.tests.HomePageTest" name="homePageUrl" time="0.001"/>
</testsuite> <!-- Test -->
