<?xml version="1.0" encoding="UTF-8"?>
<!-- Generated by org.testng.reporters.JUnitReportReporter -->
<testsuite hostname="PRASATHT-LEN" failures="0" tests="3" name="com.opencart.tests.LoginPageTest" time="40.674" errors="0" timestamp="2026-05-15T10:13:25 IST" skipped="0">
  <testcase classname="com.opencart.tests.LoginPageTest" name="loginPageNavigationTest" time="33.215"/>
  <testcase classname="com.opencart.tests.LoginPageTest" name="forgotPasswordLinkExistTest" time="3.501"/>
  <testcase classname="com.opencart.tests.LoginPageTest" name="doLoginTest" time="3.958"/>
</testsuite> <!-- com.opencart.tests.LoginPageTest -->
