<?xml version="1.0" encoding="UTF-8"?>
<!-- Generated by org.testng.reporters.JUnitReportReporter -->
<testsuite hostname="PRASATHT-LEN" failures="0" tests="7" name="com.opencart.tests.HomePageTest" time="64.333" errors="0" timestamp="2026-05-15T22:28:08 IST" skipped="0">
  <testcase classname="com.opencart.tests.HomePageTest" name="SearchTest" time="3.833"/>
  <testcase classname="com.opencart.tests.HomePageTest" name="homePageUrl" time="36.720"/>
  <testcase classname="com.opencart.tests.HomePageTest" name="SearchTest" time="7.578"/>
  <testcase classname="com.opencart.tests.HomePageTest" name="homePageTitleTest" time="2.905"/>
  <testcase classname="com.opencart.tests.HomePageTest" name="SearchTest" time="3.997"/>
  <testcase classname="com.opencart.tests.HomePageTest" name="SearchTest" time="4.880"/>
  <testcase classname="com.opencart.tests.HomePageTest" name="SearchTest" time="4.420"/>
</testsuite> <!-- com.opencart.tests.HomePageTest -->
